{
  message: 'Server is connected succeflly',
  level: 'info',
  label: 'right meow!',
  timestamp: '2023-06-24T12:22:54.679Z'
}
{
  level: 'info',
  message: 'server is running on the ',
  label: 'right meow!',
  timestamp: '2023-06-24T12:22:54.698Z'
}
{
  message: 'Server is connected succeflly',
  level: 'info',
  label: 'right meow!',
  timestamp: '2023-06-24T12:25:22.792Z'
}
{
  level: 'info',
  message: 'server is running on the ',
  label: 'right meow!',
  timestamp: '2023-06-24T12:25:22.799Z'
}
{
  message: 'Server is connected succeflly',
  level: 'info',
  label: 'right meow!',
  timestamp: '2023-06-24T12:27:38.344Z'
}
{
  level: 'info',
  message: 'server is running on the ',
  label: 'right meow!',
  timestamp: '2023-06-24T12:27:38.354Z'
}
{
  message: 'Server is connected succeflly',
  level: 'info',
  label: 'right meow!',
  timestamp: '2023-06-24T12:28:02.263Z'
}
{
  level: 'info',
  message: 'server is running on the ',
  label: 'right meow!',
  timestamp: '2023-06-24T12:28:02.271Z'
}
{
  message: 'Server is connected succeflly',
  level: 'info',
  label: 'right meow!',
  timestamp: '2023-06-24T12:40:40.405Z'
}
{
  level: 'info',
  message: 'server is running on the ',
  label: 'right meow!',
  timestamp: '2023-06-24T12:40:40.415Z'
}
{
  message: 'Server is connected succeflly',
  level: 'info',
  label: 'right meow!',
  timestamp: '2023-06-24T12:41:57.061Z'
}
{
  level: 'info',
  message: 'server is running on the ',
  label: 'right meow!',
  timestamp: '2023-06-24T12:41:57.069Z'
}
{
  message: 'Server is connected succeflly',
  level: 'info',
  label: 'right meow!',
  timestamp: '2023-06-24T12:42:21.484Z'
}
{
  level: 'info',
  message: 'server is running on the ',
  label: 'right meow!',
  timestamp: '2023-06-24T12:42:21.493Z'
}
{
  message: 'Server is connected succeflly',
  level: 'info',
  label: 'right meow!',
  timestamp: '2023-06-24T12:52:16.226Z'
}
{
  level: 'info',
  message: 'server is running on the ',
  label: 'right meow!',
  timestamp: '2023-06-24T12:52:16.236Z'
}
{
  message: 'Server is connected succeflly',
  level: 'info',
  label: 'right meow!',
  timestamp: '2023-06-24T12:52:44.506Z'
}
{
  level: 'info',
  message: 'server is running on the ',
  label: 'right meow!',
  timestamp: '2023-06-24T12:52:44.517Z'
}
{
  message: 'Server is connected succeflly',
  level: 'info',
  label: 'right meow!',
  timestamp: '2023-06-24T12:52:57.979Z'
}
{
  level: 'info',
  message: 'server is running on the ',
  label: 'right meow!',
  timestamp: '2023-06-24T12:52:57.990Z'
}
