{
  message: 'Server is connected succeflly',
  level: 'info',
  label: 'right meow!',
  timestamp: '2023-07-04T06:05:51.683Z'
}
{
  level: 'info',
  message: 'server is running on the ',
  label: 'right meow!',
  timestamp: '2023-07-04T06:05:51.692Z'
}
{
  message: 'Server is connected succeflly',
  level: 'info',
  label: 'right meow!',
  timestamp: '2023-07-04T06:08:43.630Z'
}
{
  level: 'info',
  message: 'server is running on the ',
  label: 'right meow!',
  timestamp: '2023-07-04T06:08:43.640Z'
}
{
  message: 'Server is connected succeflly',
  level: 'info',
  label: 'right meow!',
  timestamp: '2023-07-04T06:09:42.632Z'
}
{
  level: 'info',
  message: 'server is running on the ',
  label: 'right meow!',
  timestamp: '2023-07-04T06:09:42.640Z'
}
{
  message: 'Server is connected succeflly',
  level: 'info',
  label: 'right meow!',
  timestamp: '2023-07-04T06:12:29.616Z'
}
{
  level: 'info',
  message: 'server is running on the ',
  label: 'right meow!',
  timestamp: '2023-07-04T06:12:29.624Z'
}
{
  message: 'Server is connected succeflly',
  level: 'info',
  label: 'right meow!',
  timestamp: '2023-07-04T06:17:47.846Z'
}
{
  level: 'info',
  message: 'server is running on the ',
  label: 'right meow!',
  timestamp: '2023-07-04T06:17:47.855Z'
}
{
  message: 'Server is connected succeflly',
  level: 'info',
  label: 'right meow!',
  timestamp: '2023-07-04T06:21:16.115Z'
}
{
  level: 'info',
  message: 'server is running on the ',
  label: 'right meow!',
  timestamp: '2023-07-04T06:21:16.125Z'
}
