{
  message: 'Server is connected succeflly',
  level: 'info',
  label: 'right meow!',
  timestamp: '2023-06-21T10:25:21.383Z'
}
{
  level: 'info',
  message: 'server is running on the ',
  label: 'right meow!',
  timestamp: '2023-06-21T10:25:21.394Z'
}
{
  message: 'Server is connected succeflly',
  level: 'info',
  label: 'right meow!',
  timestamp: '2023-06-21T10:31:31.172Z'
}
{
  level: 'info',
  message: 'server is running on the ',
  label: 'right meow!',
  timestamp: '2023-06-21T10:31:31.180Z'
}
{
  message: 'Server is connected succeflly',
  level: 'info',
  label: 'right meow!',
  timestamp: '2023-06-21T10:31:49.225Z'
}
{
  level: 'info',
  message: 'server is running on the ',
  label: 'right meow!',
  timestamp: '2023-06-21T10:31:49.234Z'
}
{
  message: 'Server is connected succeflly',
  level: 'info',
  label: 'right meow!',
  timestamp: '2023-06-21T10:32:31.333Z'
}
{
  level: 'info',
  message: 'server is running on the ',
  label: 'right meow!',
  timestamp: '2023-06-21T10:32:31.340Z'
}
{
  message: 'Server is connected succeflly',
  level: 'info',
  label: 'right meow!',
  timestamp: '2023-06-21T10:34:12.727Z'
}
{
  level: 'info',
  message: 'server is running on the ',
  label: 'right meow!',
  timestamp: '2023-06-21T10:34:12.733Z'
}
{
  message: 'Server is connected succeflly',
  level: 'info',
  label: 'right meow!',
  timestamp: '2023-06-21T10:34:54.160Z'
}
{
  level: 'info',
  message: 'server is running on the ',
  label: 'right meow!',
  timestamp: '2023-06-21T10:34:54.167Z'
}
{
  message: 'Server is connected succeflly',
  level: 'info',
  label: 'right meow!',
  timestamp: '2023-06-21T10:38:05.877Z'
}
{
  level: 'info',
  message: 'server is running on the ',
  label: 'right meow!',
  timestamp: '2023-06-21T10:38:05.885Z'
}
{
  message: 'Server is connected succeflly',
  level: 'info',
  label: 'right meow!',
  timestamp: '2023-06-21T10:50:17.825Z'
}
{
  level: 'info',
  message: 'server is running on the ',
  label: 'right meow!',
  timestamp: '2023-06-21T10:50:17.832Z'
}
{
  message: 'Server is connected succeflly',
  level: 'info',
  label: 'right meow!',
  timestamp: '2023-06-21T10:54:39.108Z'
}
{
  level: 'info',
  message: 'server is running on the ',
  label: 'right meow!',
  timestamp: '2023-06-21T10:54:39.114Z'
}
