{
  message: 'Server is connected succeflly',
  level: 'info',
  label: 'right meow!',
  timestamp: '2023-06-27T03:54:35.847Z'
}
{
  level: 'info',
  message: 'server is running on the ',
  label: 'right meow!',
  timestamp: '2023-06-27T03:54:35.868Z'
}
{
  message: 'Server is connected succeflly',
  level: 'info',
  label: 'right meow!',
  timestamp: '2023-06-27T03:55:34.023Z'
}
{
  level: 'info',
  message: 'server is running on the ',
  label: 'right meow!',
  timestamp: '2023-06-27T03:55:34.033Z'
}
{
  message: 'Server is connected succeflly',
  level: 'info',
  label: 'right meow!',
  timestamp: '2023-06-27T03:56:27.284Z'
}
{
  level: 'info',
  message: 'server is running on the ',
  label: 'right meow!',
  timestamp: '2023-06-27T03:56:27.293Z'
}
{
  message: 'Server is connected succeflly',
  level: 'info',
  label: 'right meow!',
  timestamp: '2023-06-27T03:56:59.172Z'
}
{
  level: 'info',
  message: 'server is running on the ',
  label: 'right meow!',
  timestamp: '2023-06-27T03:56:59.180Z'
}
{
  message: 'Server is connected succeflly',
  level: 'info',
  label: 'right meow!',
  timestamp: '2023-06-27T03:57:17.631Z'
}
{
  level: 'info',
  message: 'server is running on the ',
  label: 'right meow!',
  timestamp: '2023-06-27T03:57:17.640Z'
}
{
  message: 'Server is connected succeflly',
  level: 'info',
  label: 'right meow!',
  timestamp: '2023-06-27T03:57:41.026Z'
}
{
  level: 'info',
  message: 'server is running on the ',
  label: 'right meow!',
  timestamp: '2023-06-27T03:57:41.036Z'
}
{
  message: 'Server is connected succeflly',
  level: 'info',
  label: 'right meow!',
  timestamp: '2023-06-27T03:58:56.652Z'
}
{
  level: 'info',
  message: 'server is running on the ',
  label: 'right meow!',
  timestamp: '2023-06-27T03:58:56.660Z'
}
